{"timestamp":"2026-03-01T11:02:05.335Z","level":"INFO","message":"GET /index.html - 304 (25ms)","file":"server.js","line":43,"function":"anonymous","userId":"anonymous","ip":"::1"}
{"timestamp":"2026-03-01T11:02:05.377Z","level":"INFO","message":"GET /style.css - 304 (1ms)","file":"server.js","line":43,"function":"anonymous","userId":"anonymous","ip":"::1"}
{"timestamp":"2026-03-01T11:02:05.380Z","level":"INFO","message":"GET /assets/logo.png - 304 (2ms)","file":"server.js","line":43,"function":"anonymous","userId":"anonymous","ip":"::1"}
{"timestamp":"2026-03-01T11:02:05.381Z","level":"INFO","message":"GET /app.js - 304 (2ms)","file":"server.js","line":43,"function":"anonymous","userId":"anonymous","ip":"::1"}
{"timestamp":"2026-03-01T11:02:05.514Z","level":"WARN","message":"GET /introspect - 401 (21ms)","file":"server.js","line":41,"function":"anonymous","userId":"anonymous","ip":"::1"}
{"timestamp":"2026-03-01T11:02:05.517Z","level":"INFO","message":"GET /assets/favicon.png - 304 (2ms)","file":"server.js","line":43,"function":"anonymous","userId":"anonymous","ip":"::1"}
{"timestamp":"2026-03-01T11:02:06.647Z","level":"INFO","message":"GET /index.html - 304 (2ms)","file":"server.js","line":43,"function":"anonymous","userId":"anonymous","ip":"::1"}
{"timestamp":"2026-03-01T11:02:06.706Z","level":"INFO","message":"GET /style.css - 304 (3ms)","file":"server.js","line":43,"function":"anonymous","userId":"anonymous","ip":"::1"}
{"timestamp":"2026-03-01T11:02:06.707Z","level":"INFO","message":"GET /assets/logo.png - 304 (2ms)","file":"server.js","line":43,"function":"anonymous","userId":"anonymous","ip":"::1"}
{"timestamp":"2026-03-01T11:02:06.710Z","level":"INFO","message":"GET /app.js - 304 (2ms)","file":"server.js","line":43,"function":"anonymous","userId":"anonymous","ip":"::1"}
{"timestamp":"2026-03-01T11:02:06.805Z","level":"WARN","message":"GET /introspect - 401 (5ms)","file":"server.js","line":41,"function":"anonymous","userId":"anonymous","ip":"::1"}
{"timestamp":"2026-03-01T11:02:06.812Z","level":"INFO","message":"GET /assets/favicon.png - 304 (4ms)","file":"server.js","line":43,"function":"anonymous","userId":"anonymous","ip":"::1"}
{"timestamp":"2026-03-01T11:02:12.254Z","level":"INFO","message":"POST /auth/login - 200 (186ms)","file":"server.js","line":43,"function":"anonymous","userId":"anonymous","ip":"::1"}
{"timestamp":"2026-03-01T11:02:12.764Z","level":"INFO","message":"GET /introspect - 200 (488ms)","file":"server.js","line":43,"function":"anonymous","userId":"f14af0bc-f6bd-4de7-b116-6a14e1d578d2","ip":"::1"}
{"timestamp":"2026-03-01T11:02:15.424Z","level":"INFO","message":"GET /index.html - 304 (1ms)","file":"server.js","line":43,"function":"anonymous","userId":"anonymous","ip":"::1"}
{"timestamp":"2026-03-01T11:02:15.474Z","level":"INFO","message":"GET /style.css - 304 (1ms)","file":"server.js","line":43,"function":"anonymous","userId":"anonymous","ip":"::1"}
{"timestamp":"2026-03-01T11:02:15.476Z","level":"INFO","message":"GET /assets/logo.png - 304 (1ms)","file":"server.js","line":43,"function":"anonymous","userId":"anonymous","ip":"::1"}
{"timestamp":"2026-03-01T11:02:15.478Z","level":"INFO","message":"GET /app.js - 304 (1ms)","file":"server.js","line":43,"function":"anonymous","userId":"anonymous","ip":"::1"}
{"timestamp":"2026-03-01T11:02:15.563Z","level":"INFO","message":"GET /assets/favicon.png - 304 (1ms)","file":"server.js","line":43,"function":"anonymous","userId":"anonymous","ip":"::1"}
{"timestamp":"2026-03-01T11:02:16.040Z","level":"INFO","message":"GET /introspect - 304 (486ms)","file":"server.js","line":43,"function":"anonymous","userId":"f14af0bc-f6bd-4de7-b116-6a14e1d578d2","ip":"::1"}
{"timestamp":"2026-03-01T11:02:37.865Z","level":"INFO","message":"GET / - 304 (1ms)","file":"server.js","line":43,"function":"anonymous","userId":"anonymous","ip":"::1"}
{"timestamp":"2026-03-01T11:02:37.900Z","level":"INFO","message":"GET /style.css - 304 (3ms)","file":"server.js","line":43,"function":"anonymous","userId":"anonymous","ip":"::1"}
{"timestamp":"2026-03-01T11:02:37.901Z","level":"INFO","message":"GET /assets/logo.png - 304 (3ms)","file":"server.js","line":43,"function":"anonymous","userId":"anonymous","ip":"::1"}
{"timestamp":"2026-03-01T11:02:37.907Z","level":"INFO","message":"GET /app.js - 304 (4ms)","file":"server.js","line":43,"function":"anonymous","userId":"anonymous","ip":"::1"}
{"timestamp":"2026-03-01T11:02:38.603Z","level":"INFO","message":"GET /introspect - 304 (487ms)","file":"server.js","line":43,"function":"anonymous","userId":"f14af0bc-f6bd-4de7-b116-6a14e1d578d2","ip":"::1"}
{"timestamp":"2026-03-01T11:02:53.378Z","level":"INFO","message":"GET /dev-admin - 200 (10ms)","file":"server.js","line":43,"function":"anonymous","userId":"anonymous","ip":"::1"}
{"timestamp":"2026-03-01T11:02:53.416Z","level":"INFO","message":"GET /admin-style.css - 200 (3ms)","file":"server.js","line":43,"function":"anonymous","userId":"anonymous","ip":"::1"}
{"timestamp":"2026-03-01T11:02:53.417Z","level":"INFO","message":"GET /assets/logo.png - 304 (3ms)","file":"server.js","line":43,"function":"anonymous","userId":"anonymous","ip":"::1"}
{"timestamp":"2026-03-01T11:02:53.419Z","level":"INFO","message":"GET /admin-app.js - 200 (1ms)","file":"server.js","line":43,"function":"anonymous","userId":"anonymous","ip":"::1"}
{"timestamp":"2026-03-01T11:02:53.431Z","level":"WARN","message":"GET /admin/stats - 401 (2ms)","file":"server.js","line":41,"function":"anonymous","userId":"anonymous","ip":"::1"}
{"timestamp":"2026-03-01T11:02:53.454Z","level":"INFO","message":"GET /dev-admin - 304 (1ms)","file":"server.js","line":43,"function":"anonymous","userId":"anonymous","ip":"::1"}
{"timestamp":"2026-03-01T11:02:53.511Z","level":"INFO","message":"GET /admin-style.css - 304 (2ms)","file":"server.js","line":43,"function":"anonymous","userId":"anonymous","ip":"::1"}
{"timestamp":"2026-03-01T11:02:53.511Z","level":"INFO","message":"GET /assets/logo.png - 304 (2ms)","file":"server.js","line":43,"function":"anonymous","userId":"anonymous","ip":"::1"}
{"timestamp":"2026-03-01T11:02:53.512Z","level":"INFO","message":"GET /admin-app.js - 304 (2ms)","file":"server.js","line":43,"function":"anonymous","userId":"anonymous","ip":"::1"}
{"timestamp":"2026-03-01T11:02:53.574Z","level":"INFO","message":"GET /assets/favicon.png - 304 (1ms)","file":"server.js","line":43,"function":"anonymous","userId":"anonymous","ip":"::1"}
{"timestamp":"2026-03-01T11:03:11.663Z","level":"INFO","message":"POST /auth/dev-login - 200 (126ms)","file":"server.js","line":43,"function":"anonymous","userId":"anonymous","ip":"::1"}
{"timestamp":"2026-03-01T11:03:12.729Z","level":"INFO","message":"GET /admin/stats - 200 (1049ms)","file":"server.js","line":43,"function":"anonymous","userId":"dev-master-root","ip":"::1"}
{"timestamp":"2026-03-01T11:03:20.783Z","level":"INFO","message":"GET /admin/logs - 200 (5ms)","file":"server.js","line":43,"function":"anonymous","userId":"anonymous","ip":"::1"}
{"timestamp":"2026-03-01T11:03:25.781Z","level":"INFO","message":"GET /admin/logs - 200 (3ms)","file":"server.js","line":43,"function":"anonymous","userId":"anonymous","ip":"::1"}
{"timestamp":"2026-03-01T11:03:30.785Z","level":"INFO","message":"GET /admin/logs - 200 (5ms)","file":"server.js","line":43,"function":"anonymous","userId":"anonymous","ip":"::1"}
{"timestamp":"2026-03-01T11:03:35.781Z","level":"INFO","message":"GET /admin/logs - 200 (3ms)","file":"server.js","line":43,"function":"anonymous","userId":"anonymous","ip":"::1"}
{"timestamp":"2026-03-01T11:03:40.781Z","level":"INFO","message":"GET /admin/logs - 200 (3ms)","file":"server.js","line":43,"function":"anonymous","userId":"anonymous","ip":"::1"}
{"timestamp":"2026-03-01T11:03:45.781Z","level":"INFO","message":"GET /admin/logs - 200 (3ms)","file":"server.js","line":43,"function":"anonymous","userId":"anonymous","ip":"::1"}
{"timestamp":"2026-03-01T11:03:50.781Z","level":"INFO","message":"GET /admin/logs - 200 (3ms)","file":"server.js","line":43,"function":"anonymous","userId":"anonymous","ip":"::1"}
{"timestamp":"2026-03-01T11:03:55.779Z","level":"INFO","message":"GET /admin/logs - 200 (2ms)","file":"server.js","line":43,"function":"anonymous","userId":"anonymous","ip":"::1"}
{"timestamp":"2026-03-01T11:04:00.781Z","level":"INFO","message":"GET /admin/logs - 200 (3ms)","file":"server.js","line":43,"function":"anonymous","userId":"anonymous","ip":"::1"}
{"timestamp":"2026-03-01T11:04:05.779Z","level":"INFO","message":"GET /admin/logs - 200 (3ms)","file":"server.js","line":43,"function":"anonymous","userId":"anonymous","ip":"::1"}
{"timestamp":"2026-03-01T11:04:10.782Z","level":"INFO","message":"GET /admin/logs - 200 (3ms)","file":"server.js","line":43,"function":"anonymous","userId":"anonymous","ip":"::1"}
{"timestamp":"2026-03-01T11:04:15.780Z","level":"INFO","message":"GET /admin/logs - 200 (2ms)","file":"server.js","line":43,"function":"anonymous","userId":"anonymous","ip":"::1"}
{"timestamp":"2026-03-01T11:04:20.781Z","level":"INFO","message":"GET /admin/logs - 200 (3ms)","file":"server.js","line":43,"function":"anonymous","userId":"anonymous","ip":"::1"}
{"timestamp":"2026-03-01T11:04:25.779Z","level":"INFO","message":"GET /admin/logs - 200 (1ms)","file":"server.js","line":43,"function":"anonymous","userId":"anonymous","ip":"::1"}
{"timestamp":"2026-03-01T11:04:30.781Z","level":"INFO","message":"GET /admin/logs - 200 (3ms)","file":"server.js","line":43,"function":"anonymous","userId":"anonymous","ip":"::1"}
{"timestamp":"2026-03-01T11:04:35.781Z","level":"INFO","message":"GET /admin/logs - 200 (3ms)","file":"server.js","line":43,"function":"anonymous","userId":"anonymous","ip":"::1"}
{"timestamp":"2026-03-01T11:04:40.782Z","level":"INFO","message":"GET /admin/logs - 200 (2ms)","file":"server.js","line":43,"function":"anonymous","userId":"anonymous","ip":"::1"}
{"timestamp":"2026-03-01T11:04:45.781Z","level":"INFO","message":"GET /admin/logs - 200 (3ms)","file":"server.js","line":43,"function":"anonymous","userId":"anonymous","ip":"::1"}
{"timestamp":"2026-03-01T11:04:50.777Z","level":"INFO","message":"GET /admin/logs - 200 (2ms)","file":"server.js","line":43,"function":"anonymous","userId":"anonymous","ip":"::1"}
{"timestamp":"2026-03-01T11:04:55.781Z","level":"INFO","message":"GET /admin/logs - 200 (3ms)","file":"server.js","line":43,"function":"anonymous","userId":"anonymous","ip":"::1"}
{"timestamp":"2026-03-01T11:05:00.781Z","level":"INFO","message":"GET /admin/logs - 200 (4ms)","file":"server.js","line":43,"function":"anonymous","userId":"anonymous","ip":"::1"}
{"timestamp":"2026-03-01T11:05:05.783Z","level":"INFO","message":"GET /admin/logs - 200 (2ms)","file":"server.js","line":43,"function":"anonymous","userId":"anonymous","ip":"::1"}
{"timestamp":"2026-03-01T11:05:10.779Z","level":"INFO","message":"GET /admin/logs - 200 (2ms)","file":"server.js","line":43,"function":"anonymous","userId":"anonymous","ip":"::1"}
{"timestamp":"2026-03-01T11:05:15.787Z","level":"INFO","message":"GET /admin/logs - 200 (5ms)","file":"server.js","line":43,"function":"anonymous","userId":"anonymous","ip":"::1"}
{"timestamp":"2026-03-01T11:05:20.781Z","level":"INFO","message":"GET /admin/logs - 200 (3ms)","file":"server.js","line":43,"function":"anonymous","userId":"anonymous","ip":"::1"}
{"timestamp":"2026-03-01T11:05:25.782Z","level":"INFO","message":"GET /admin/logs - 200 (3ms)","file":"server.js","line":43,"function":"anonymous","userId":"anonymous","ip":"::1"}
{"timestamp":"2026-03-01T11:05:30.782Z","level":"INFO","message":"GET /admin/logs - 200 (4ms)","file":"server.js","line":43,"function":"anonymous","userId":"anonymous","ip":"::1"}
{"timestamp":"2026-03-01T11:05:35.781Z","level":"INFO","message":"GET /admin/logs - 200 (3ms)","file":"server.js","line":43,"function":"anonymous","userId":"anonymous","ip":"::1"}
{"timestamp":"2026-03-01T11:05:40.781Z","level":"INFO","message":"GET /admin/logs - 200 (3ms)","file":"server.js","line":43,"function":"anonymous","userId":"anonymous","ip":"::1"}
{"timestamp":"2026-03-01T11:05:45.781Z","level":"INFO","message":"GET /admin/logs - 200 (2ms)","file":"server.js","line":43,"function":"anonymous","userId":"anonymous","ip":"::1"}
{"timestamp":"2026-03-01T11:05:50.781Z","level":"INFO","message":"GET /admin/logs - 200 (3ms)","file":"server.js","line":43,"function":"anonymous","userId":"anonymous","ip":"::1"}
{"timestamp":"2026-03-01T11:05:55.781Z","level":"INFO","message":"GET /admin/logs - 200 (3ms)","file":"server.js","line":43,"function":"anonymous","userId":"anonymous","ip":"::1"}
{"timestamp":"2026-03-01T11:06:00.781Z","level":"INFO","message":"GET /admin/logs - 200 (3ms)","file":"server.js","line":43,"function":"anonymous","userId":"anonymous","ip":"::1"}
{"timestamp":"2026-03-01T11:06:05.781Z","level":"INFO","message":"GET /admin/logs - 200 (3ms)","file":"server.js","line":43,"function":"anonymous","userId":"anonymous","ip":"::1"}
{"timestamp":"2026-03-01T11:06:10.780Z","level":"INFO","message":"GET /admin/logs - 200 (2ms)","file":"server.js","line":43,"function":"anonymous","userId":"anonymous","ip":"::1"}
{"timestamp":"2026-03-01T11:06:15.781Z","level":"INFO","message":"GET /admin/logs - 200 (3ms)","file":"server.js","line":43,"function":"anonymous","userId":"anonymous","ip":"::1"}
{"timestamp":"2026-03-01T11:06:20.781Z","level":"INFO","message":"GET /admin/logs - 200 (3ms)","file":"server.js","line":43,"function":"anonymous","userId":"anonymous","ip":"::1"}
{"timestamp":"2026-03-01T11:06:25.781Z","level":"INFO","message":"GET /admin/logs - 200 (3ms)","file":"server.js","line":43,"function":"anonymous","userId":"anonymous","ip":"::1"}
{"timestamp":"2026-03-01T11:06:30.781Z","level":"INFO","message":"GET /admin/logs - 200 (3ms)","file":"server.js","line":43,"function":"anonymous","userId":"anonymous","ip":"::1"}
{"timestamp":"2026-03-01T11:06:35.781Z","level":"INFO","message":"GET /admin/logs - 200 (3ms)","file":"server.js","line":43,"function":"anonymous","userId":"anonymous","ip":"::1"}
{"timestamp":"2026-03-01T11:06:40.781Z","level":"INFO","message":"GET /admin/logs - 200 (3ms)","file":"server.js","line":43,"function":"anonymous","userId":"anonymous","ip":"::1"}
{"timestamp":"2026-03-01T11:06:45.781Z","level":"INFO","message":"GET /admin/logs - 200 (3ms)","file":"server.js","line":43,"function":"anonymous","userId":"anonymous","ip":"::1"}
{"timestamp":"2026-03-01T11:06:50.777Z","level":"INFO","message":"GET /admin/logs - 200 (1ms)","file":"server.js","line":43,"function":"anonymous","userId":"anonymous","ip":"::1"}
{"timestamp":"2026-03-01T11:06:55.783Z","level":"INFO","message":"GET /admin/logs - 200 (4ms)","file":"server.js","line":43,"function":"anonymous","userId":"anonymous","ip":"::1"}
{"timestamp":"2026-03-01T11:07:00.781Z","level":"INFO","message":"GET /admin/logs - 200 (3ms)","file":"server.js","line":43,"function":"anonymous","userId":"anonymous","ip":"::1"}
{"timestamp":"2026-03-01T11:07:05.780Z","level":"INFO","message":"GET /admin/logs - 200 (2ms)","file":"server.js","line":43,"function":"anonymous","userId":"anonymous","ip":"::1"}
{"timestamp":"2026-03-01T11:07:10.778Z","level":"INFO","message":"GET /admin/logs - 200 (2ms)","file":"server.js","line":43,"function":"anonymous","userId":"anonymous","ip":"::1"}
{"timestamp":"2026-03-01T11:07:15.781Z","level":"INFO","message":"GET /admin/logs - 200 (3ms)","file":"server.js","line":43,"function":"anonymous","userId":"anonymous","ip":"::1"}
{"timestamp":"2026-03-01T11:07:20.781Z","level":"INFO","message":"GET /admin/logs - 200 (3ms)","file":"server.js","line":43,"function":"anonymous","userId":"anonymous","ip":"::1"}
{"timestamp":"2026-03-01T11:07:25.781Z","level":"INFO","message":"GET /admin/logs - 200 (3ms)","file":"server.js","line":43,"function":"anonymous","userId":"anonymous","ip":"::1"}
{"timestamp":"2026-03-01T11:07:30.781Z","level":"INFO","message":"GET /admin/logs - 200 (3ms)","file":"server.js","line":43,"function":"anonymous","userId":"anonymous","ip":"::1"}
{"timestamp":"2026-03-01T11:07:35.776Z","level":"INFO","message":"GET /admin/logs - 200 (1ms)","file":"server.js","line":43,"function":"anonymous","userId":"anonymous","ip":"::1"}
{"timestamp":"2026-03-01T11:07:40.775Z","level":"INFO","message":"GET /admin/logs - 200 (1ms)","file":"server.js","line":43,"function":"anonymous","userId":"anonymous","ip":"::1"}
{"timestamp":"2026-03-01T11:07:45.782Z","level":"INFO","message":"GET /admin/logs - 200 (3ms)","file":"server.js","line":43,"function":"anonymous","userId":"anonymous","ip":"::1"}
{"timestamp":"2026-03-01T11:07:50.777Z","level":"INFO","message":"GET /admin/logs - 200 (2ms)","file":"server.js","line":43,"function":"anonymous","userId":"anonymous","ip":"::1"}
{"timestamp":"2026-03-01T11:07:55.779Z","level":"INFO","message":"GET /admin/logs - 200 (2ms)","file":"server.js","line":43,"function":"anonymous","userId":"anonymous","ip":"::1"}
{"timestamp":"2026-03-01T11:08:00.780Z","level":"INFO","message":"GET /admin/logs - 200 (3ms)","file":"server.js","line":43,"function":"anonymous","userId":"anonymous","ip":"::1"}
{"timestamp":"2026-03-01T11:08:05.777Z","level":"INFO","message":"GET /admin/logs - 200 (2ms)","file":"server.js","line":43,"function":"anonymous","userId":"anonymous","ip":"::1"}
{"timestamp":"2026-03-01T11:08:10.777Z","level":"INFO","message":"GET /admin/logs - 200 (1ms)","file":"server.js","line":43,"function":"anonymous","userId":"anonymous","ip":"::1"}
{"timestamp":"2026-03-01T11:08:15.776Z","level":"INFO","message":"GET /admin/logs - 200 (1ms)","file":"server.js","line":43,"function":"anonymous","userId":"anonymous","ip":"::1"}
{"timestamp":"2026-03-01T11:08:20.781Z","level":"INFO","message":"GET /admin/logs - 200 (3ms)","file":"server.js","line":43,"function":"anonymous","userId":"anonymous","ip":"::1"}
{"timestamp":"2026-03-01T11:08:25.782Z","level":"INFO","message":"GET /admin/logs - 200 (4ms)","file":"server.js","line":43,"function":"anonymous","userId":"anonymous","ip":"::1"}
{"timestamp":"2026-03-01T11:08:30.781Z","level":"INFO","message":"GET /admin/logs - 200 (3ms)","file":"server.js","line":43,"function":"anonymous","userId":"anonymous","ip":"::1"}
{"timestamp":"2026-03-01T11:08:35.778Z","level":"INFO","message":"GET /admin/logs - 200 (3ms)","file":"server.js","line":43,"function":"anonymous","userId":"anonymous","ip":"::1"}
{"timestamp":"2026-03-01T11:08:40.776Z","level":"INFO","message":"GET /admin/logs - 200 (1ms)","file":"server.js","line":43,"function":"anonymous","userId":"anonymous","ip":"::1"}
{"timestamp":"2026-03-01T11:08:45.781Z","level":"INFO","message":"GET /admin/logs - 200 (3ms)","file":"server.js","line":43,"function":"anonymous","userId":"anonymous","ip":"::1"}
{"timestamp":"2026-03-01T11:08:50.777Z","level":"INFO","message":"GET /admin/logs - 200 (2ms)","file":"server.js","line":43,"function":"anonymous","userId":"anonymous","ip":"::1"}
{"timestamp":"2026-03-01T11:08:55.781Z","level":"INFO","message":"GET /admin/logs - 200 (3ms)","file":"server.js","line":43,"function":"anonymous","userId":"anonymous","ip":"::1"}
{"timestamp":"2026-03-01T11:09:00.782Z","level":"INFO","message":"GET /admin/logs - 200 (3ms)","file":"server.js","line":43,"function":"anonymous","userId":"anonymous","ip":"::1"}
{"timestamp":"2026-03-01T11:09:05.781Z","level":"INFO","message":"GET /admin/logs - 200 (3ms)","file":"server.js","line":43,"function":"anonymous","userId":"anonymous","ip":"::1"}
{"timestamp":"2026-03-01T11:09:10.781Z","level":"INFO","message":"GET /admin/logs - 200 (3ms)","file":"server.js","line":43,"function":"anonymous","userId":"anonymous","ip":"::1"}
{"timestamp":"2026-03-01T11:09:15.781Z","level":"INFO","message":"GET /admin/logs - 200 (3ms)","file":"server.js","line":43,"function":"anonymous","userId":"anonymous","ip":"::1"}
{"timestamp":"2026-03-01T11:09:20.787Z","level":"INFO","message":"GET /admin/logs - 200 (4ms)","file":"server.js","line":43,"function":"anonymous","userId":"anonymous","ip":"::1"}
{"timestamp":"2026-03-01T11:09:25.781Z","level":"INFO","message":"GET /admin/logs - 200 (3ms)","file":"server.js","line":43,"function":"anonymous","userId":"anonymous","ip":"::1"}
{"timestamp":"2026-03-01T11:09:30.781Z","level":"INFO","message":"GET /admin/logs - 200 (3ms)","file":"server.js","line":43,"function":"anonymous","userId":"anonymous","ip":"::1"}
{"timestamp":"2026-03-01T11:09:35.777Z","level":"INFO","message":"GET /admin/logs - 200 (1ms)","file":"server.js","line":43,"function":"anonymous","userId":"anonymous","ip":"::1"}
{"timestamp":"2026-03-01T11:09:40.782Z","level":"INFO","message":"GET /admin/logs - 200 (3ms)","file":"server.js","line":43,"function":"anonymous","userId":"anonymous","ip":"::1"}
{"timestamp":"2026-03-01T11:09:45.781Z","level":"INFO","message":"GET /admin/logs - 200 (3ms)","file":"server.js","line":43,"function":"anonymous","userId":"anonymous","ip":"::1"}
{"timestamp":"2026-03-01T11:09:50.781Z","level":"INFO","message":"GET /admin/logs - 200 (4ms)","file":"server.js","line":43,"function":"anonymous","userId":"anonymous","ip":"::1"}
{"timestamp":"2026-03-01T11:09:55.782Z","level":"INFO","message":"GET /admin/logs - 200 (4ms)","file":"server.js","line":43,"function":"anonymous","userId":"anonymous","ip":"::1"}
{"timestamp":"2026-03-01T11:10:00.781Z","level":"INFO","message":"GET /admin/logs - 200 (3ms)","file":"server.js","line":43,"function":"anonymous","userId":"anonymous","ip":"::1"}
{"timestamp":"2026-03-01T11:10:05.781Z","level":"INFO","message":"GET /admin/logs - 200 (3ms)","file":"server.js","line":43,"function":"anonymous","userId":"anonymous","ip":"::1"}
{"timestamp":"2026-03-01T11:10:10.782Z","level":"INFO","message":"GET /admin/logs - 200 (4ms)","file":"server.js","line":43,"function":"anonymous","userId":"anonymous","ip":"::1"}
{"timestamp":"2026-03-01T11:10:15.781Z","level":"INFO","message":"GET /admin/logs - 200 (3ms)","file":"server.js","line":43,"function":"anonymous","userId":"anonymous","ip":"::1"}
{"timestamp":"2026-03-01T11:10:20.784Z","level":"INFO","message":"GET /admin/logs - 200 (5ms)","file":"server.js","line":43,"function":"anonymous","userId":"anonymous","ip":"::1"}
{"timestamp":"2026-03-01T11:10:25.780Z","level":"INFO","message":"GET /admin/logs - 200 (2ms)","file":"server.js","line":43,"function":"anonymous","userId":"anonymous","ip":"::1"}
{"timestamp":"2026-03-01T11:10:30.781Z","level":"INFO","message":"GET /admin/logs - 200 (3ms)","file":"server.js","line":43,"function":"anonymous","userId":"anonymous","ip":"::1"}
{"timestamp":"2026-03-01T11:10:35.780Z","level":"INFO","message":"GET /admin/logs - 200 (3ms)","file":"server.js","line":43,"function":"anonymous","userId":"anonymous","ip":"::1"}
{"timestamp":"2026-03-01T11:10:40.780Z","level":"INFO","message":"GET /admin/logs - 200 (3ms)","file":"server.js","line":43,"function":"anonymous","userId":"anonymous","ip":"::1"}
{"timestamp":"2026-03-01T11:10:45.776Z","level":"INFO","message":"GET /admin/logs - 200 (1ms)","file":"server.js","line":43,"function":"anonymous","userId":"anonymous","ip":"::1"}
{"timestamp":"2026-03-01T11:10:50.782Z","level":"INFO","message":"GET /admin/logs - 200 (4ms)","file":"server.js","line":43,"function":"anonymous","userId":"anonymous","ip":"::1"}
{"timestamp":"2026-03-01T11:10:55.781Z","level":"INFO","message":"GET /admin/logs - 200 (3ms)","file":"server.js","line":43,"function":"anonymous","userId":"anonymous","ip":"::1"}
{"timestamp":"2026-03-01T11:11:00.781Z","level":"INFO","message":"GET /admin/logs - 200 (3ms)","file":"server.js","line":43,"function":"anonymous","userId":"anonymous","ip":"::1"}
{"timestamp":"2026-03-01T11:11:05.775Z","level":"INFO","message":"GET /admin/logs - 200 (1ms)","file":"server.js","line":43,"function":"anonymous","userId":"anonymous","ip":"::1"}
{"timestamp":"2026-03-01T11:11:10.781Z","level":"INFO","message":"GET /admin/logs - 200 (3ms)","file":"server.js","line":43,"function":"anonymous","userId":"anonymous","ip":"::1"}
{"timestamp":"2026-03-01T11:11:15.781Z","level":"INFO","message":"GET /admin/logs - 200 (3ms)","file":"server.js","line":43,"function":"anonymous","userId":"anonymous","ip":"::1"}
{"timestamp":"2026-03-01T11:11:20.781Z","level":"INFO","message":"GET /admin/logs - 200 (3ms)","file":"server.js","line":43,"function":"anonymous","userId":"anonymous","ip":"::1"}
{"timestamp":"2026-03-01T11:11:25.781Z","level":"INFO","message":"GET /admin/logs - 200 (3ms)","file":"server.js","line":43,"function":"anonymous","userId":"anonymous","ip":"::1"}
{"timestamp":"2026-03-01T11:11:30.781Z","level":"INFO","message":"GET /admin/logs - 200 (3ms)","file":"server.js","line":43,"function":"anonymous","userId":"anonymous","ip":"::1"}
{"timestamp":"2026-03-01T11:11:35.785Z","level":"INFO","message":"GET /admin/logs - 200 (3ms)","file":"server.js","line":43,"function":"anonymous","userId":"anonymous","ip":"::1"}
{"timestamp":"2026-03-01T11:11:40.781Z","level":"INFO","message":"GET /admin/logs - 200 (2ms)","file":"server.js","line":43,"function":"anonymous","userId":"anonymous","ip":"::1"}
{"timestamp":"2026-03-01T11:11:45.779Z","level":"INFO","message":"GET /admin/logs - 200 (2ms)","file":"server.js","line":43,"function":"anonymous","userId":"anonymous","ip":"::1"}
{"timestamp":"2026-03-01T11:11:50.778Z","level":"INFO","message":"GET /admin/logs - 200 (1ms)","file":"server.js","line":43,"function":"anonymous","userId":"anonymous","ip":"::1"}
{"timestamp":"2026-03-01T11:11:55.781Z","level":"INFO","message":"GET /admin/logs - 200 (3ms)","file":"server.js","line":43,"function":"anonymous","userId":"anonymous","ip":"::1"}
{"timestamp":"2026-03-01T11:12:00.777Z","level":"INFO","message":"GET /admin/logs - 200 (1ms)","file":"server.js","line":43,"function":"anonymous","userId":"anonymous","ip":"::1"}
{"timestamp":"2026-03-01T11:12:05.781Z","level":"INFO","message":"GET /admin/logs - 200 (3ms)","file":"server.js","line":43,"function":"anonymous","userId":"anonymous","ip":"::1"}
{"timestamp":"2026-03-01T11:12:10.782Z","level":"INFO","message":"GET /admin/logs - 200 (4ms)","file":"server.js","line":43,"function":"anonymous","userId":"anonymous","ip":"::1"}
{"timestamp":"2026-03-01T11:12:15.781Z","level":"INFO","message":"GET /admin/logs - 200 (3ms)","file":"server.js","line":43,"function":"anonymous","userId":"anonymous","ip":"::1"}
{"timestamp":"2026-03-01T11:12:20.781Z","level":"INFO","message":"GET /admin/logs - 200 (3ms)","file":"server.js","line":43,"function":"anonymous","userId":"anonymous","ip":"::1"}
{"timestamp":"2026-03-01T11:12:25.781Z","level":"INFO","message":"GET /admin/logs - 200 (3ms)","file":"server.js","line":43,"function":"anonymous","userId":"anonymous","ip":"::1"}
{"timestamp":"2026-03-01T11:12:30.782Z","level":"INFO","message":"GET /admin/logs - 200 (3ms)","file":"server.js","line":43,"function":"anonymous","userId":"anonymous","ip":"::1"}
{"timestamp":"2026-03-01T11:12:35.781Z","level":"INFO","message":"GET /admin/logs - 200 (3ms)","file":"server.js","line":43,"function":"anonymous","userId":"anonymous","ip":"::1"}
{"timestamp":"2026-03-01T11:12:40.782Z","level":"INFO","message":"GET /admin/logs - 200 (1ms)","file":"server.js","line":43,"function":"anonymous","userId":"anonymous","ip":"::1"}
{"timestamp":"2026-03-01T11:12:45.783Z","level":"INFO","message":"GET /admin/logs - 200 (4ms)","file":"server.js","line":43,"function":"anonymous","userId":"anonymous","ip":"::1"}
{"timestamp":"2026-03-01T11:12:50.782Z","level":"INFO","message":"GET /admin/logs - 200 (3ms)","file":"server.js","line":43,"function":"anonymous","userId":"anonymous","ip":"::1"}
{"timestamp":"2026-03-01T11:12:55.778Z","level":"INFO","message":"GET /admin/logs - 200 (4ms)","file":"server.js","line":43,"function":"anonymous","userId":"anonymous","ip":"::1"}
{"timestamp":"2026-03-01T11:13:00.775Z","level":"INFO","message":"GET /admin/logs - 200 (1ms)","file":"server.js","line":43,"function":"anonymous","userId":"anonymous","ip":"::1"}
{"timestamp":"2026-03-01T11:13:05.775Z","level":"INFO","message":"GET /admin/logs - 200 (1ms)","file":"server.js","line":43,"function":"anonymous","userId":"anonymous","ip":"::1"}
{"timestamp":"2026-03-01T11:13:10.782Z","level":"INFO","message":"GET /admin/logs - 200 (3ms)","file":"server.js","line":43,"function":"anonymous","userId":"anonymous","ip":"::1"}
{"timestamp":"2026-03-01T11:13:15.781Z","level":"INFO","message":"GET /admin/logs - 200 (3ms)","file":"server.js","line":43,"function":"anonymous","userId":"anonymous","ip":"::1"}
{"timestamp":"2026-03-01T11:13:20.780Z","level":"INFO","message":"GET /admin/logs - 200 (3ms)","file":"server.js","line":43,"function":"anonymous","userId":"anonymous","ip":"::1"}
{"timestamp":"2026-03-01T11:13:25.779Z","level":"INFO","message":"GET /admin/logs - 200 (2ms)","file":"server.js","line":43,"function":"anonymous","userId":"anonymous","ip":"::1"}
{"timestamp":"2026-03-01T11:13:30.775Z","level":"INFO","message":"GET /admin/logs - 200 (1ms)","file":"server.js","line":43,"function":"anonymous","userId":"anonymous","ip":"::1"}
{"timestamp":"2026-03-01T11:13:35.775Z","level":"INFO","message":"GET /admin/logs - 200 (1ms)","file":"server.js","line":43,"function":"anonymous","userId":"anonymous","ip":"::1"}
{"timestamp":"2026-03-01T11:13:40.775Z","level":"INFO","message":"GET /admin/logs - 200 (1ms)","file":"server.js","line":43,"function":"anonymous","userId":"anonymous","ip":"::1"}
{"timestamp":"2026-03-01T11:13:45.775Z","level":"INFO","message":"GET /admin/logs - 200 (1ms)","file":"server.js","line":43,"function":"anonymous","userId":"anonymous","ip":"::1"}
{"timestamp":"2026-03-01T11:13:50.779Z","level":"INFO","message":"GET /admin/logs - 200 (5ms)","file":"server.js","line":43,"function":"anonymous","userId":"anonymous","ip":"::1"}
{"timestamp":"2026-03-01T11:13:55.781Z","level":"INFO","message":"GET /admin/logs - 200 (2ms)","file":"server.js","line":43,"function":"anonymous","userId":"anonymous","ip":"::1"}
{"timestamp":"2026-03-01T11:14:00.782Z","level":"INFO","message":"GET /admin/logs - 200 (4ms)","file":"server.js","line":43,"function":"anonymous","userId":"anonymous","ip":"::1"}
{"timestamp":"2026-03-01T11:14:05.777Z","level":"INFO","message":"GET /admin/logs - 200 (2ms)","file":"server.js","line":43,"function":"anonymous","userId":"anonymous","ip":"::1"}
{"timestamp":"2026-03-01T11:14:10.775Z","level":"INFO","message":"GET /admin/logs - 200 (1ms)","file":"server.js","line":43,"function":"anonymous","userId":"anonymous","ip":"::1"}
{"timestamp":"2026-03-01T11:14:15.775Z","level":"INFO","message":"GET /admin/logs - 200 (1ms)","file":"server.js","line":43,"function":"anonymous","userId":"anonymous","ip":"::1"}
{"timestamp":"2026-03-01T11:14:20.776Z","level":"INFO","message":"GET /admin/logs - 200 (2ms)","file":"server.js","line":43,"function":"anonymous","userId":"anonymous","ip":"::1"}
{"timestamp":"2026-03-01T11:14:25.782Z","level":"INFO","message":"GET /admin/logs - 200 (4ms)","file":"server.js","line":43,"function":"anonymous","userId":"anonymous","ip":"::1"}
{"timestamp":"2026-03-01T11:14:30.775Z","level":"INFO","message":"GET /admin/logs - 200 (1ms)","file":"server.js","line":43,"function":"anonymous","userId":"anonymous","ip":"::1"}
{"timestamp":"2026-03-01T11:14:35.783Z","level":"INFO","message":"GET /admin/logs - 200 (4ms)","file":"server.js","line":43,"function":"anonymous","userId":"anonymous","ip":"::1"}
{"timestamp":"2026-03-01T11:14:40.779Z","level":"INFO","message":"GET /admin/logs - 200 (3ms)","file":"server.js","line":43,"function":"anonymous","userId":"anonymous","ip":"::1"}
{"timestamp":"2026-03-01T11:14:45.785Z","level":"INFO","message":"GET /admin/logs - 200 (3ms)","file":"server.js","line":43,"function":"anonymous","userId":"anonymous","ip":"::1"}
{"timestamp":"2026-03-01T11:14:50.788Z","level":"INFO","message":"GET /admin/logs - 200 (4ms)","file":"server.js","line":43,"function":"anonymous","userId":"anonymous","ip":"::1"}
{"timestamp":"2026-03-01T11:14:55.782Z","level":"INFO","message":"GET /admin/logs - 200 (4ms)","file":"server.js","line":43,"function":"anonymous","userId":"anonymous","ip":"::1"}
{"timestamp":"2026-03-01T11:15:00.778Z","level":"INFO","message":"GET /admin/logs - 200 (2ms)","file":"server.js","line":43,"function":"anonymous","userId":"anonymous","ip":"::1"}
{"timestamp":"2026-03-01T11:15:05.781Z","level":"INFO","message":"GET /admin/logs - 200 (3ms)","file":"server.js","line":43,"function":"anonymous","userId":"anonymous","ip":"::1"}
{"timestamp":"2026-03-01T11:15:10.791Z","level":"INFO","message":"GET /admin/logs - 200 (1ms)","file":"server.js","line":43,"function":"anonymous","userId":"anonymous","ip":"::1"}
{"timestamp":"2026-03-01T11:15:15.782Z","level":"INFO","message":"GET /admin/logs - 200 (4ms)","file":"server.js","line":43,"function":"anonymous","userId":"anonymous","ip":"::1"}
{"timestamp":"2026-03-01T11:15:20.775Z","level":"INFO","message":"GET /admin/logs - 200 (1ms)","file":"server.js","line":43,"function":"anonymous","userId":"anonymous","ip":"::1"}
{"timestamp":"2026-03-01T11:15:25.782Z","level":"INFO","message":"GET /admin/logs - 200 (3ms)","file":"server.js","line":43,"function":"anonymous","userId":"anonymous","ip":"::1"}
{"timestamp":"2026-03-01T11:15:30.783Z","level":"INFO","message":"GET /admin/logs - 200 (5ms)","file":"server.js","line":43,"function":"anonymous","userId":"anonymous","ip":"::1"}
{"timestamp":"2026-03-01T11:15:35.775Z","level":"INFO","message":"GET /admin/logs - 200 (1ms)","file":"server.js","line":43,"function":"anonymous","userId":"anonymous","ip":"::1"}
{"timestamp":"2026-03-01T11:15:40.778Z","level":"INFO","message":"GET /admin/logs - 200 (2ms)","file":"server.js","line":43,"function":"anonymous","userId":"anonymous","ip":"::1"}
{"timestamp":"2026-03-01T11:15:45.781Z","level":"INFO","message":"GET /admin/logs - 200 (4ms)","file":"server.js","line":43,"function":"anonymous","userId":"anonymous","ip":"::1"}
{"timestamp":"2026-03-01T11:15:50.782Z","level":"INFO","message":"GET /admin/logs - 200 (4ms)","file":"server.js","line":43,"function":"anonymous","userId":"anonymous","ip":"::1"}
{"id":"0unr8cin4","timestamp":"2026-03-01T11:16:05.798Z","level":"INFO","message":"GET /admin/logs - 200 (9ms)","file":"server.js","line":43,"function":"anonymous","userId":"anonymous","ip":"::1"}
{"id":"25w0yo3zx","timestamp":"2026-03-01T11:16:06.504Z","level":"INFO","message":"GET /dev-admin - 200 (16ms)","file":"server.js","line":43,"function":"anonymous","userId":"anonymous","ip":"::1"}
{"id":"06i847bb6","timestamp":"2026-03-01T11:16:06.546Z","level":"INFO","message":"GET /admin-style.css - 200 (3ms)","file":"server.js","line":43,"function":"anonymous","userId":"anonymous","ip":"::1"}
{"id":"zwcm958lb","timestamp":"2026-03-01T11:16:06.556Z","level":"INFO","message":"GET /assets/logo.png - 304 (2ms)","file":"server.js","line":43,"function":"anonymous","userId":"anonymous","ip":"::1"}
{"id":"vdlzer7nw","timestamp":"2026-03-01T11:16:06.558Z","level":"INFO","message":"GET /admin-app.js - 200 (4ms)","file":"server.js","line":43,"function":"anonymous","userId":"anonymous","ip":"::1"}
{"id":"bmtaa4l0b","timestamp":"2026-03-01T11:16:06.725Z","level":"INFO","message":"GET /assets/favicon.png - 304 (1ms)","file":"server.js","line":43,"function":"anonymous","userId":"anonymous","ip":"::1"}
{"id":"zozrss41h","timestamp":"2026-03-01T11:16:07.620Z","level":"INFO","message":"GET /admin/stats - 304 (1040ms)","file":"server.js","line":43,"function":"anonymous","userId":"dev-master-root","ip":"::1"}
{"id":"q3clw51sh","timestamp":"2026-03-01T11:16:08.631Z","level":"INFO","message":"GET /admin/stats - 304 (994ms)","file":"server.js","line":43,"function":"anonymous","userId":"dev-master-root","ip":"::1"}
{"id":"mso8s4ww9","timestamp":"2026-03-01T11:16:20.047Z","level":"INFO","message":"GET /admin/logs - 200 (7ms)","file":"server.js","line":43,"function":"anonymous","userId":"anonymous","ip":"::1"}
{"id":"qdlpzjgwr","timestamp":"2026-03-01T11:16:25.035Z","level":"INFO","message":"GET /admin/logs - 200 (1ms)","file":"server.js","line":43,"function":"anonymous","userId":"anonymous","ip":"::1"}
{"id":"zwpgyu266","timestamp":"2026-03-01T11:16:30.042Z","level":"INFO","message":"GET /admin/logs - 200 (4ms)","file":"server.js","line":43,"function":"anonymous","userId":"anonymous","ip":"::1"}
{"id":"nbsg4cyku","timestamp":"2026-03-01T11:16:35.042Z","level":"INFO","message":"GET /admin/logs - 200 (4ms)","file":"server.js","line":43,"function":"anonymous","userId":"anonymous","ip":"::1"}
{"id":"1a7v0v5k8","timestamp":"2026-03-01T11:16:38.622Z","level":"INFO","message":"GET /admin/stats - 304 (984ms)","file":"server.js","line":43,"function":"anonymous","userId":"dev-master-root","ip":"::1"}
{"id":"7ksya9s05","timestamp":"2026-03-01T11:16:40.043Z","level":"INFO","message":"GET /admin/logs - 200 (4ms)","file":"server.js","line":43,"function":"anonymous","userId":"anonymous","ip":"::1"}
{"id":"5m1bqsht5","timestamp":"2026-03-01T11:16:45.041Z","level":"INFO","message":"GET /admin/logs - 200 (4ms)","file":"server.js","line":43,"function":"anonymous","userId":"anonymous","ip":"::1"}
{"id":"ok58bsq4f","timestamp":"2026-03-01T11:16:50.037Z","level":"INFO","message":"GET /admin/logs - 200 (3ms)","file":"server.js","line":43,"function":"anonymous","userId":"anonymous","ip":"::1"}
{"id":"jpwfvxgwi","timestamp":"2026-03-01T11:16:55.041Z","level":"INFO","message":"GET /admin/logs - 200 (3ms)","file":"server.js","line":43,"function":"anonymous","userId":"anonymous","ip":"::1"}
{"id":"xxftktgzi","timestamp":"2026-03-01T11:17:00.040Z","level":"INFO","message":"GET /admin/logs - 200 (4ms)","file":"server.js","line":43,"function":"anonymous","userId":"anonymous","ip":"::1"}
{"id":"2r3dj95xj","timestamp":"2026-03-01T11:17:05.040Z","level":"INFO","message":"GET /admin/logs - 200 (2ms)","file":"server.js","line":43,"function":"anonymous","userId":"anonymous","ip":"::1"}
{"id":"0gn8ph2uj","timestamp":"2026-03-01T11:17:07.885Z","level":"INFO","message":"GET /admin/stats - 304 (247ms)","file":"server.js","line":43,"function":"anonymous","userId":"dev-master-root","ip":"::1"}
{"id":"gi2wv4267","timestamp":"2026-03-01T11:17:10.042Z","level":"INFO","message":"GET /admin/logs - 200 (3ms)","file":"server.js","line":43,"function":"anonymous","userId":"anonymous","ip":"::1"}
{"id":"4jlmlv1h3","timestamp":"2026-03-01T11:17:15.039Z","level":"INFO","message":"GET /admin/logs - 200 (3ms)","file":"server.js","line":43,"function":"anonymous","userId":"anonymous","ip":"::1"}
{"id":"wkpi4cjv3","timestamp":"2026-03-01T11:17:20.040Z","level":"INFO","message":"GET /admin/logs - 200 (2ms)","file":"server.js","line":43,"function":"anonymous","userId":"anonymous","ip":"::1"}
{"id":"g3hzm2ghk","timestamp":"2026-03-01T11:17:25.039Z","level":"INFO","message":"GET /admin/logs - 200 (4ms)","file":"server.js","line":43,"function":"anonymous","userId":"anonymous","ip":"::1"}
{"id":"9dkisy2n5","timestamp":"2026-03-01T11:17:30.041Z","level":"INFO","message":"GET /admin/logs - 200 (3ms)","file":"server.js","line":43,"function":"anonymous","userId":"anonymous","ip":"::1"}
{"id":"wbw8grcdl","timestamp":"2026-03-01T11:17:35.534Z","level":"INFO","message":"DELETE /admin/logs - 200 (31ms)","file":"server.js","line":43,"function":"anonymous","userId":"anonymous","ip":"::1"}
{"id":"k9reyfl8y","timestamp":"2026-03-01T11:17:35.539Z","level":"INFO","message":"GET /admin/logs - 200 (2ms)","file":"server.js","line":43,"function":"anonymous","userId":"anonymous","ip":"::1"}
{"id":"n3cpz60y8","timestamp":"2026-03-01T11:17:35.551Z","level":"INFO","message":"GET /admin/logs - 200 (9ms)","file":"server.js","line":43,"function":"anonymous","userId":"anonymous","ip":"::1"}
{"id":"92qz3ycxk","timestamp":"2026-03-01T11:17:37.888Z","level":"INFO","message":"GET /admin/stats - 304 (250ms)","file":"server.js","line":43,"function":"anonymous","userId":"dev-master-root","ip":"::1"}
{"id":"b814x27fw","timestamp":"2026-03-01T11:17:40.037Z","level":"INFO","message":"GET /admin/logs - 200 (2ms)","file":"server.js","line":43,"function":"anonymous","userId":"anonymous","ip":"::1"}
{"id":"2mg4hasu4","timestamp":"2026-03-01T11:17:46.746Z","level":"INFO","message":"DELETE /admin/logs - 200 (4ms)","file":"server.js","line":43,"function":"anonymous","userId":"anonymous","ip":"::1"}
{"id":"93k8fhd3o","timestamp":"2026-03-01T11:17:46.755Z","level":"INFO","message":"GET /admin/logs - 200 (4ms)","file":"server.js","line":43,"function":"anonymous","userId":"anonymous","ip":"::1"}
{"id":"zu05dcerz","timestamp":"2026-03-01T11:17:46.760Z","level":"INFO","message":"GET /admin/logs - 200 (1ms)","file":"server.js","line":43,"function":"anonymous","userId":"anonymous","ip":"::1"}
{"id":"gilgwali2","timestamp":"2026-03-01T11:17:50.039Z","level":"INFO","message":"GET /admin/logs - 200 (3ms)","file":"server.js","line":43,"function":"anonymous","userId":"anonymous","ip":"::1"}
{"id":"finadb4dr","timestamp":"2026-03-01T11:17:55.041Z","level":"INFO","message":"GET /admin/logs - 200 (3ms)","file":"server.js","line":43,"function":"anonymous","userId":"anonymous","ip":"::1"}
{"id":"khshcwprd","timestamp":"2026-03-01T11:18:00.042Z","level":"INFO","message":"GET /admin/logs - 200 (3ms)","file":"server.js","line":43,"function":"anonymous","userId":"anonymous","ip":"::1"}
